<?xml version="1.0" encoding="UTF-8"?>
<testsuite name="GivenWhiteBox" tests="3" skipped="0" failures="0" errors="0" timestamp="2024-02-11T04:29:30" hostname="kyle-VirtualBox" time="0.026">
  <properties/>
  <testcase name="testWithEmptyGuesses" classname="GivenWhiteBox" time="0.011"/>
  <testcase name="testWithIncorrectGuess" classname="GivenWhiteBox" time="0.013"/>
  <testcase name="testWithCorrectGuess" classname="GivenWhiteBox" time="0.001"/>
  <system-out><![CDATA[____
_i__
]]></system-out>
  <system-err><![CDATA[]]></system-err>
</testsuite>
