<?xml version="1.0" encoding="UTF-8"?>
<testsuite name="guessTest" tests="12" skipped="0" failures="0" errors="0" timestamp="2024-02-11T04:23:01" hostname="kyle-VirtualBox" time="0.022">
  <properties/>
  <testcase name="testIncorrectWordTooLong" classname="guessTest" time="0.007"/>
  <testcase name="testEmptyGuess" classname="guessTest" time="0.001"/>
  <testcase name="testIncorrectWordPartiallyMatching" classname="guessTest" time="0.001"/>
  <testcase name="testGuessWithSymbolsNumbers" classname="guessTest" time="0.0"/>
  <testcase name="testIncorrectWordCorrectLength" classname="guessTest" time="0.001"/>
  <testcase name="testExactCorrectWord" classname="guessTest" time="0.0"/>
  <testcase name="testRepeatedGuess" classname="guessTest" time="0.001"/>
  <testcase name="testCorrectSingleLetterOccursOnce" classname="guessTest" time="0.001"/>
  <testcase name="testIncorrectSingleLetter" classname="guessTest" time="0.0"/>
  <testcase name="testCorrectSingleLetterOccursMultipleTimes" classname="guessTest" time="0.0"/>
  <testcase name="testIncorrectWordTooShort" classname="guessTest" time="0.0"/>
  <testcase name="testGuessAfterGameOver" classname="guessTest" time="0.001"/>
  <system-out><![CDATA[]]></system-out>
  <system-err><![CDATA[]]></system-err>
</testsuite>
